<?xml version="1.0" encoding="utf-8"?><testsuites name="pytest tests"><testsuite name="pytest" errors="0" failures="0" skipped="0" tests="16" time="3.636" timestamp="2026-08-04T15:38:01.543277+00:00" hostname="agent-env-d367edc9-16ce-4583-914a-d90a373dacc0"><testcase classname="tests.test_iteration12_calendario.TestTherapistCalendario" name="test_get_my_calendario" time="0.600" /><testcase classname="tests.test_iteration12_calendario.TestTherapistCalendario" name="test_get_calendario_non_therapist_forbidden" time="0.424" /><testcase classname="tests.test_iteration12_calendario.TestTherapistCalendario" name="test_put_valid_calendario_publishes" time="0.125" /><testcase classname="tests.test_iteration12_calendario.TestTherapistCalendario" name="test_put_invalid_date_400" time="0.066" /><testcase classname="tests.test_iteration12_calendario.TestTherapistCalendario" name="test_put_invalid_time_400" time="0.075" /><testcase classname="tests.test_iteration12_calendario.TestTherapistCalendario" name="test_put_empty_clears" time="0.177" /><testcase classname="tests.test_iteration12_calendario.TestTherapistCalendario" name="test_pubblica_endpoint" time="0.237" /><testcase classname="tests.test_iteration12_calendario.TestAdminCalendario" name="test_admin_calendario_feb_2026" time="0.519" /><testcase classname="tests.test_iteration12_calendario.TestAdminCalendario" name="test_admin_calendario_invalid_month" time="0.073" /><testcase classname="tests.test_iteration12_calendario.TestAdminCalendario" name="test_admin_calendario_forbidden_for_paziente" time="0.063" /><testcase classname="tests.test_iteration12_calendario.TestPublicTerapistaCalendario" name="test_public_calendario" time="0.187" /><testcase classname="tests.test_iteration12_calendario.TestRescheduleFlow" name="test_validate_valid_token" time="0.165" /><testcase classname="tests.test_iteration12_calendario.TestRescheduleFlow" name="test_validate_invalid_token" time="0.150" /><testcase classname="tests.test_iteration12_calendario.TestRescheduleFlow" name="test_confirm_missing_slot" time="0.161" /><testcase classname="tests.test_iteration12_calendario.TestRescheduleFlow" name="test_confirm_success" time="0.199" /><testcase classname="tests.test_iteration12_calendario.TestBookingServiceReminders" name="test_only_one_day_reminder" time="0.262" /></testsuite></testsuites>