<?xml version="1.0" encoding="utf-8"?><testsuites name="pytest tests"><testsuite name="pytest" errors="0" failures="1" skipped="0" tests="15" time="1.857" timestamp="2026-08-04T12:45:53.288367+00:00" hostname="agent-env-d367edc9-16ce-4583-914a-d90a373dacc0"><testcase classname="tests.test_iteration7_payouts.TestAuthGuard" name="test_payouts_requires_auth" time="0.343" /><testcase classname="tests.test_iteration7_payouts.TestAuthGuard" name="test_fattura_sanitaria_requires_auth" time="0.206" /><testcase classname="tests.test_iteration7_payouts.TestAuthGuard" name="test_fattura_commissione_requires_auth" time="0.185" /><testcase classname="tests.test_iteration7_payouts.TestPayoutsList" name="test_list_all_schema" time="0.398" /><testcase classname="tests.test_iteration7_payouts.TestPayoutsList" name="test_seed_transaction_present" time="0.056" /><testcase classname="tests.test_iteration7_payouts.TestPayoutsList" name="test_filter_pending" time="0.053" /><testcase classname="tests.test_iteration7_payouts.TestPayoutsList" name="test_filter_paid" time="0.047" /><testcase classname="tests.test_iteration7_payouts.TestMarkPaid" name="test_mark_paid_and_verify" time="0.148" /><testcase classname="tests.test_iteration7_payouts.TestMarkPaid" name="test_mark_paid_empty_ids" time="0.049" /><testcase classname="tests.test_iteration7_payouts.TestFatturaPDF" name="test_fattura_sanitaria_pdf" time="0.106" /><testcase classname="tests.test_iteration7_payouts.TestFatturaPDF" name="test_fattura_commissione_pdf" time="0.104"><failure message="AssertionError: {&quot;detail&quot;:&quot;Nessuna sessione pagata nel periodo indicato&quot;}&#10;assert 404 == 200&#10; +  where 404 = &lt;Response [404]&gt;.status_code">tests/test_iteration7_payouts.py:145: in test_fattura_commissione_pdf
    assert pdf_r.status_code == 200, pdf_r.text[:200]
E   AssertionError: {"detail":"Nessuna sessione pagata nel periodo indicato"}
E   assert 404 == 200
E    +  where 404 = &lt;Response [404]&gt;.status_code</failure></testcase><testcase classname="tests.test_iteration7_payouts.TestFatturaPDF" name="test_fattura_commissione_bad_period" time="0.055" /><testcase classname="tests.test_iteration7_payouts.TestSMSServiceModule" name="test_env_vars_present" time="0.000" /><testcase classname="tests.test_iteration7_payouts.TestSMSServiceModule" name="test_sms_service_imports_and_client" time="0.007" /><testcase classname="tests.test_iteration7_payouts.TestSMSServiceModule" name="test_normalize_phone" time="0.000" /></testsuite></testsuites>