<?xml version="1.0" encoding="utf-8"?><testsuites name="pytest tests"><testsuite name="pytest" errors="0" failures="0" skipped="0" tests="16" time="4.377" timestamp="2026-08-04T15:53:01.376109+00:00" hostname="agent-env-d367edc9-16ce-4583-914a-d90a373dacc0"><testcase classname="backend.tests.test_iteration12_calendario.TestTherapistCalendario" name="test_get_my_calendario" time="0.631" /><testcase classname="backend.tests.test_iteration12_calendario.TestTherapistCalendario" name="test_get_calendario_non_therapist_forbidden" time="0.510" /><testcase classname="backend.tests.test_iteration12_calendario.TestTherapistCalendario" name="test_put_valid_calendario_publishes" time="0.153" /><testcase classname="backend.tests.test_iteration12_calendario.TestTherapistCalendario" name="test_put_invalid_date_400" time="0.072" /><testcase classname="backend.tests.test_iteration12_calendario.TestTherapistCalendario" name="test_put_invalid_time_400" time="0.077" /><testcase classname="backend.tests.test_iteration12_calendario.TestTherapistCalendario" name="test_put_empty_clears" time="0.389" /><testcase classname="backend.tests.test_iteration12_calendario.TestTherapistCalendario" name="test_pubblica_endpoint" time="0.240" /><testcase classname="backend.tests.test_iteration12_calendario.TestAdminCalendario" name="test_admin_calendario_feb_2026" time="0.515" /><testcase classname="backend.tests.test_iteration12_calendario.TestAdminCalendario" name="test_admin_calendario_invalid_month" time="0.086" /><testcase classname="backend.tests.test_iteration12_calendario.TestAdminCalendario" name="test_admin_calendario_forbidden_for_paziente" time="0.095" /><testcase classname="backend.tests.test_iteration12_calendario.TestPublicTerapistaCalendario" name="test_public_calendario" time="0.180" /><testcase classname="backend.tests.test_iteration12_calendario.TestRescheduleFlow" name="test_validate_valid_token" time="0.176" /><testcase classname="backend.tests.test_iteration12_calendario.TestRescheduleFlow" name="test_validate_invalid_token" time="0.177" /><testcase classname="backend.tests.test_iteration12_calendario.TestRescheduleFlow" name="test_confirm_missing_slot" time="0.158" /><testcase classname="backend.tests.test_iteration12_calendario.TestRescheduleFlow" name="test_confirm_success" time="0.170" /><testcase classname="backend.tests.test_iteration12_calendario.TestBookingServiceReminders" name="test_only_one_day_reminder" time="0.471" /></testsuite></testsuites>