<?xml version="1.0" encoding="utf-8"?><testsuites name="pytest tests"><testsuite name="pytest" errors="0" failures="0" skipped="0" tests="58" time="13.891" timestamp="2026-08-04T14:42:29.580689+00:00" hostname="agent-env-d367edc9-16ce-4583-914a-d90a373dacc0"><testcase classname="backend.tests.test_iteration10_refactor.TestTerapistiRouter" name="test_list_terapisti_public_or_auth" time="0.538" /><testcase classname="backend.tests.test_iteration10_refactor.TestTerapistiRouter" name="test_get_single_terapista" time="0.167" /><testcase classname="backend.tests.test_iteration10_refactor.TestTerapistiRouter" name="test_iban_regex_bad" time="0.162" /><testcase classname="backend.tests.test_iteration10_refactor.TestTerapistiRouter" name="test_iban_valid_and_empty" time="0.364" /><testcase classname="backend.tests.test_iteration10_refactor.TestTerapistiRouter" name="test_terapista_slots" time="0.169" /><testcase classname="backend.tests.test_iteration10_refactor.TestTerapistiRouter" name="test_profilo_me_admin_404" time="0.175" /><testcase classname="backend.tests.test_iteration10_refactor.TestTerapistiRouter" name="test_profilo_me_therapist_200" time="0.501" /><testcase classname="backend.tests.test_iteration10_refactor.TestTerapistiRouter" name="test_therapist_documents_list" time="0.092" /><testcase classname="backend.tests.test_iteration10_refactor.TestAppuntamentiRouter" name="test_admin_list" time="0.100" /><testcase classname="backend.tests.test_iteration10_refactor.TestAppuntamentiRouter" name="test_therapist_list" time="0.094" /><testcase classname="backend.tests.test_iteration10_refactor.TestAppuntamentiRouter" name="test_patient_list" time="0.469" /><testcase classname="backend.tests.test_iteration10_refactor.TestAppuntamentiRouter" name="test_stato_invalid_400" time="0.172" /><testcase classname="backend.tests.test_iteration10_refactor.TestAppuntamentiRouter" name="test_unauth_list_401" time="0.361" /><testcase classname="backend.tests.test_iteration10_refactor.TestPaymentsRouter" name="test_status_unknown_session_404" time="0.174" /><testcase classname="backend.tests.test_iteration10_refactor.TestPaymentsRouter" name="test_webhook_no_signature_400" time="0.171" /><testcase classname="backend.tests.test_iteration10_refactor.TestPaymentsRouter" name="test_therapist_earnings" time="0.111" /><testcase classname="backend.tests.test_iteration10_refactor.TestPaymentsRouter" name="test_therapist_earnings_forbidden_for_admin" time="0.082" /><testcase classname="backend.tests.test_iteration10_refactor.TestPaymentsRouter" name="test_admin_payouts" time="0.091" /><testcase classname="backend.tests.test_iteration10_refactor.TestPaymentsRouter" name="test_admin_payouts_pending_filter" time="0.094" /><testcase classname="backend.tests.test_iteration10_refactor.TestPaymentsRouter" name="test_admin_payouts_forbidden_non_admin" time="0.077" /><testcase classname="backend.tests.test_iteration10_refactor.TestPaymentsRouter" name="test_checkout_booking_requires_paziente" time="0.097" /><testcase classname="backend.tests.test_iteration10_refactor.TestPaymentsRouter" name="test_checkout_booking_patient_needs_sms" time="0.078" /><testcase classname="backend.tests.test_iteration10_refactor.TestCruscottoStillWorks" name="test_cruscotto" time="0.089" /><testcase classname="backend.tests.test_iteration10_refactor.TestCruscottoStillWorks" name="test_cruscotto_pdf" time="0.107" /><testcase classname="backend.tests.test_iteration10_refactor.TestUntouchedEndpoints" name="test_dashboard_stats" time="0.088" /><testcase classname="backend.tests.test_iteration10_refactor.TestUntouchedEndpoints" name="test_users_list" time="0.085" /><testcase classname="backend.tests.test_iteration10_refactor.TestUntouchedEndpoints" name="test_articoli_list" time="0.184" /><testcase classname="backend.tests.test_iteration11_refactor.TestAuthRouter" name="test_login_valid_returns_200_and_sets_cookie" time="0.489" /><testcase classname="backend.tests.test_iteration11_refactor.TestAuthRouter" name="test_login_wrong_password_401" time="0.402" /><testcase classname="backend.tests.test_iteration11_refactor.TestAuthRouter" name="test_login_unknown_user_401" time="0.173" /><testcase classname="backend.tests.test_iteration11_refactor.TestAuthRouter" name="test_me_authenticated" time="0.467" /><testcase classname="backend.tests.test_iteration11_refactor.TestAuthRouter" name="test_me_unauthenticated_401" time="0.193" /><testcase classname="backend.tests.test_iteration11_refactor.TestAuthRouter" name="test_logout_clears_cookies" time="0.535" /><testcase classname="backend.tests.test_iteration11_refactor.TestAuthRouter" name="test_forgot_password_generic_response_existing" time="0.503" /><testcase classname="backend.tests.test_iteration11_refactor.TestAuthRouter" name="test_forgot_password_generic_response_unknown" time="0.382" /><testcase classname="backend.tests.test_iteration11_refactor.TestAuthRouter" name="test_reset_password_bad_token_400" time="0.181" /><testcase classname="backend.tests.test_iteration11_refactor.TestAuthRouter" name="test_register_new_patient_returns_otp_dev_or_message" time="0.602" /><testcase classname="backend.tests.test_iteration11_refactor.TestAuthRouter" name="test_register_duplicate_email_400" time="0.167" /><testcase classname="backend.tests.test_iteration11_refactor.TestAuthRouter" name="test_verify_otp_bad_code_400" time="0.747" /><testcase classname="backend.tests.test_iteration11_refactor.TestAuthRouter" name="test_resend_otp_unknown_email_404" time="0.178" /><testcase classname="backend.tests.test_iteration11_refactor.TestBlogRouter" name="test_list_blog_admin_sees_all" time="0.090" /><testcase classname="backend.tests.test_iteration11_refactor.TestBlogRouter" name="test_list_blog_therapist_sees_only_own" time="0.479" /><testcase classname="backend.tests.test_iteration11_refactor.TestBlogRouter" name="test_public_blog_no_auth_only_published" time="0.145" /><testcase classname="backend.tests.test_iteration11_refactor.TestBlogRouter" name="test_therapist_create_bozza_then_admin_approves" time="0.377" /><testcase classname="backend.tests.test_iteration11_refactor.TestBlogRouter" name="test_admin_create_publishes_directly" time="0.327" /><testcase classname="backend.tests.test_iteration11_refactor.TestBlogRouter" name="test_patient_cannot_create_blog" time="0.547" /><testcase classname="backend.tests.test_iteration11_refactor.TestBlogRouter" name="test_unauthenticated_cannot_list_blog" time="0.124" /><testcase classname="backend.tests.test_iteration11_refactor.TestPaymentsDirectImport" name="test_webhook_no_signature_400" time="0.119" /><testcase classname="backend.tests.test_iteration11_refactor.TestPaymentsDirectImport" name="test_status_unknown_session_404" time="0.155" /><testcase classname="backend.tests.test_iteration11_refactor.TestPaymentsDirectImport" name="test_finalize_confirmed_booking_is_directly_imported" time="0.425" /><testcase classname="backend.tests.test_iteration11_refactor.TestBookingServiceScheduler" name="test_scheduler_started_at_boot" time="0.432" /><testcase classname="backend.tests.test_iteration11_refactor.TestBookingServiceScheduler" name="test_scheduler_module_singleton_exists" time="0.000" /><testcase classname="backend.tests.test_iteration11_refactor.TestUntouchedStillWorking" name="test_public_terapisti" time="0.174" /><testcase classname="backend.tests.test_iteration11_refactor.TestUntouchedStillWorking" name="test_cruscotto" time="0.083" /><testcase classname="backend.tests.test_iteration11_refactor.TestUntouchedStillWorking" name="test_dashboard_stats" time="0.081" /><testcase classname="backend.tests.test_iteration11_refactor.TestUntouchedStillWorking" name="test_admin_utenti" time="0.079" /><testcase classname="backend.tests.test_iteration11_refactor.TestUntouchedStillWorking" name="test_admin_payouts" time="0.083" /><testcase classname="backend.tests.test_iteration11_refactor.TestUntouchedStillWorking" name="test_faq_public" time="0.132" /></testsuite></testsuites>