<?xml version="1.0" encoding="utf-8"?><testsuites name="pytest tests"><testsuite name="pytest" errors="0" failures="1" skipped="4" tests="25" time="4.164" timestamp="2026-08-21T13:04:01.996164+00:00" hostname="agent-env-d367edc9-16ce-4583-914a-d90a373dacc0"><testcase classname="tests.test_iteration18_consent_reviews.TestInformedConsent" name="test_get_consent_unknown_id_returns_404" time="0.224" /><testcase classname="tests.test_iteration18_consent_reviews.TestInformedConsent" name="test_accept_consent_unknown_id_returns_404" time="0.150" /><testcase classname="tests.test_iteration18_consent_reviews.TestInformedConsent" name="test_therapist_update_consent_requires_auth" time="0.130" /><testcase classname="tests.test_iteration18_consent_reviews.TestInformedConsent" name="test_mia_consent_status_requires_auth" time="0.153" /><testcase classname="tests.test_iteration18_consent_reviews.TestCancellationPolicy" name="test_get_policy_is_public" time="0.164" /><testcase classname="tests.test_iteration18_consent_reviews.TestCancellationPolicy" name="test_cancel_requires_auth" time="0.149" /><testcase classname="tests.test_iteration18_consent_reviews.TestCancellationPolicy" name="test_preview_requires_auth" time="0.166" /><testcase classname="tests.test_iteration18_consent_reviews.TestReviews" name="test_public_reviews_unknown_therapist" time="0.166" /><testcase classname="tests.test_iteration18_consent_reviews.TestReviews" name="test_submit_review_requires_auth" time="0.148" /><testcase classname="tests.test_iteration18_consent_reviews.TestReviews" name="test_pending_appointments_requires_auth" time="0.138" /><testcase classname="tests.test_iteration18_consent_reviews.TestReviews" name="test_admin_pending_requires_admin" time="0.149" /><testcase classname="tests.test_iteration18_consent_reviews.TestReviews" name="test_admin_approve_requires_admin" time="0.140" /><testcase classname="tests.test_iteration18_consent_reviews.TestReviews" name="test_admin_reject_requires_admin" time="0.148" /><testcase classname="tests.test_iteration18_consent_reviews.TestReviews" name="test_admin_count_pending_requires_admin" time="0.155" /><testcase classname="tests.test_iteration18_consent_reviews.TestReviewsAdminE2E" name="test_admin_can_list_pending" time="0.201"><skipped type="pytest.skip" message="Admin credentials not available for e2e test">/app/backend/tests/test_iteration18_consent_reviews.py:112: Admin credentials not available for e2e test</skipped></testcase><testcase classname="tests.test_iteration18_consent_reviews.TestReviewsAdminE2E" name="test_admin_can_count_pending" time="0.000"><skipped type="pytest.skip" message="Admin credentials not available for e2e test">/app/backend/tests/test_iteration18_consent_reviews.py:117: Admin credentials not available for e2e test</skipped></testcase><testcase classname="tests.test_iteration18_consent_reviews.TestReviewsAdminE2E" name="test_admin_approve_unknown_returns_404" time="0.000"><skipped type="pytest.skip" message="Admin credentials not available for e2e test">/app/backend/tests/test_iteration18_consent_reviews.py:122: Admin credentials not available for e2e test</skipped></testcase><testcase classname="tests.test_finalize_refactor.TestHelperImports" name="test_import_all_seven_helpers" time="0.259" /><testcase classname="tests.test_finalize_refactor.TestHelperImports" name="test_async_helpers_are_coroutines" time="0.000" /><testcase classname="tests.test_finalize_refactor.TestHelperImports" name="test_parse_start_utility" time="0.000" /><testcase classname="tests.test_finalize_refactor" name="test_finalize_confirmed_booking_end_to_end" time="0.018" /><testcase classname="tests.test_finalize_refactor.TestVideoTokenConsentGate" name="test_412_without_consent" time="0.899" /><testcase classname="tests.test_public_routes.TestBookingFlow" name="test_full_booking_flow" time="0.169"><failure message="AssertionError: Register failed: {&quot;detail&quot;:&quot;I consensi obbligatori (privacy e termini) sono richiesti per completare la registrazione&quot;}&#10;assert 400 == 200&#10; +  where 400 = &lt;Response [400]&gt;.status_code">tests/test_public_routes.py:257: in test_full_booking_flow
    assert reg_response.status_code == 200, f"Register failed: {reg_response.text}"
E   AssertionError: Register failed: {"detail":"I consensi obbligatori (privacy e termini) sono richiesti per completare la registrazione"}
E   assert 400 == 200
E    +  where 400 = &lt;Response [400]&gt;.status_code</failure></testcase><testcase classname="tests.test_public_routes.TestBookingFlow" name="test_prenota_requires_auth" time="0.121" /><testcase classname="tests.test_public_routes.TestBookingFlow" name="test_prenota_requires_paziente_role" time="0.131"><skipped type="pytest.skip" message="Could not login as terapeuta">/app/backend/tests/test_public_routes.py:350: Could not login as terapeuta</skipped></testcase></testsuite></testsuites>