<?xml version="1.0" encoding="utf-8"?><testsuites name="pytest tests"><testsuite name="pytest" errors="0" failures="0" skipped="0" tests="9" time="3.190" timestamp="2026-08-05T11:57:39.464177+00:00" hostname="agent-env-d367edc9-16ce-4583-914a-d90a373dacc0"><testcase classname="backend.tests.test_iteration17_gdpr_fase13.TestRegisterConsents" name="test_paziente_missing_termini_rejected" time="0.149" /><testcase classname="backend.tests.test_iteration17_gdpr_fase13.TestRegisterConsents" name="test_paziente_missing_privacy_rejected" time="0.113" /><testcase classname="backend.tests.test_iteration17_gdpr_fase13.TestRegisterConsents" name="test_paziente_all_consents_ok_and_history" time="1.118" /><testcase classname="backend.tests.test_iteration17_gdpr_fase13.TestRegisterConsents" name="test_paziente_partial_optional_consents" time="0.557" /><testcase classname="backend.tests.test_iteration17_gdpr_fase13.TestRegisterConsents" name="test_terapeuta_only_privacy_ok" time="0.490" /><testcase classname="backend.tests.test_iteration17_gdpr_fase13.TestScheduledJobs" name="test_retention_run_admin" time="0.381" /><testcase classname="backend.tests.test_iteration17_gdpr_fase13.TestScheduledJobs" name="test_retention_run_forbidden_to_anon" time="0.135" /><testcase classname="backend.tests.test_iteration17_gdpr_fase13.TestScheduledJobs" name="test_legal_decline_run_admin" time="0.055" /><testcase classname="backend.tests.test_iteration17_gdpr_fase13.TestScheduledJobs" name="test_retention_idempotent" time="0.118" /></testsuite></testsuites>