<?xml version="1.0" encoding="utf-8"?><testsuites name="pytest tests"><testsuite name="pytest" errors="0" failures="0" skipped="0" tests="31" time="16.833" timestamp="2026-08-04T14:41:22.635710+00:00" hostname="agent-env-d367edc9-16ce-4583-914a-d90a373dacc0"><testcase classname="backend.tests.test_iteration11_refactor.TestAuthRouter" name="test_login_valid_returns_200_and_sets_cookie" time="0.981" /><testcase classname="backend.tests.test_iteration11_refactor.TestAuthRouter" name="test_login_wrong_password_401" time="0.996" /><testcase classname="backend.tests.test_iteration11_refactor.TestAuthRouter" name="test_login_unknown_user_401" time="1.901" /><testcase classname="backend.tests.test_iteration11_refactor.TestAuthRouter" name="test_me_authenticated" time="1.176" /><testcase classname="backend.tests.test_iteration11_refactor.TestAuthRouter" name="test_me_unauthenticated_401" time="0.786" /><testcase classname="backend.tests.test_iteration11_refactor.TestAuthRouter" name="test_logout_clears_cookies" time="0.676" /><testcase classname="backend.tests.test_iteration11_refactor.TestAuthRouter" name="test_forgot_password_generic_response_existing" time="0.433" /><testcase classname="backend.tests.test_iteration11_refactor.TestAuthRouter" name="test_forgot_password_generic_response_unknown" time="0.410" /><testcase classname="backend.tests.test_iteration11_refactor.TestAuthRouter" name="test_reset_password_bad_token_400" time="0.196" /><testcase classname="backend.tests.test_iteration11_refactor.TestAuthRouter" name="test_register_new_patient_returns_otp_dev_or_message" time="0.957" /><testcase classname="backend.tests.test_iteration11_refactor.TestAuthRouter" name="test_register_duplicate_email_400" time="0.202" /><testcase classname="backend.tests.test_iteration11_refactor.TestAuthRouter" name="test_verify_otp_bad_code_400" time="1.349" /><testcase classname="backend.tests.test_iteration11_refactor.TestAuthRouter" name="test_resend_otp_unknown_email_404" time="0.388" /><testcase classname="backend.tests.test_iteration11_refactor.TestBlogRouter" name="test_list_blog_admin_sees_all" time="0.130" /><testcase classname="backend.tests.test_iteration11_refactor.TestBlogRouter" name="test_list_blog_therapist_sees_only_own" time="0.737" /><testcase classname="backend.tests.test_iteration11_refactor.TestBlogRouter" name="test_public_blog_no_auth_only_published" time="0.392" /><testcase classname="backend.tests.test_iteration11_refactor.TestBlogRouter" name="test_therapist_create_bozza_then_admin_approves" time="0.771" /><testcase classname="backend.tests.test_iteration11_refactor.TestBlogRouter" name="test_admin_create_publishes_directly" time="0.481" /><testcase classname="backend.tests.test_iteration11_refactor.TestBlogRouter" name="test_patient_cannot_create_blog" time="0.581" /><testcase classname="backend.tests.test_iteration11_refactor.TestBlogRouter" name="test_unauthenticated_cannot_list_blog" time="0.232" /><testcase classname="backend.tests.test_iteration11_refactor.TestPaymentsDirectImport" name="test_webhook_no_signature_400" time="0.325" /><testcase classname="backend.tests.test_iteration11_refactor.TestPaymentsDirectImport" name="test_status_unknown_session_404" time="0.314" /><testcase classname="backend.tests.test_iteration11_refactor.TestPaymentsDirectImport" name="test_finalize_confirmed_booking_is_directly_imported" time="0.413" /><testcase classname="backend.tests.test_iteration11_refactor.TestBookingServiceScheduler" name="test_scheduler_started_at_boot" time="0.865" /><testcase classname="backend.tests.test_iteration11_refactor.TestBookingServiceScheduler" name="test_scheduler_module_singleton_exists" time="0.000" /><testcase classname="backend.tests.test_iteration11_refactor.TestUntouchedStillWorking" name="test_public_terapisti" time="0.206" /><testcase classname="backend.tests.test_iteration11_refactor.TestUntouchedStillWorking" name="test_cruscotto" time="0.144" /><testcase classname="backend.tests.test_iteration11_refactor.TestUntouchedStillWorking" name="test_dashboard_stats" time="0.143" /><testcase classname="backend.tests.test_iteration11_refactor.TestUntouchedStillWorking" name="test_admin_utenti" time="0.129" /><testcase classname="backend.tests.test_iteration11_refactor.TestUntouchedStillWorking" name="test_admin_payouts" time="0.134" /><testcase classname="backend.tests.test_iteration11_refactor.TestUntouchedStillWorking" name="test_faq_public" time="0.282" /></testsuite></testsuites>