<?xml version="1.0" encoding="utf-8"?><testsuites name="pytest tests"><testsuite name="pytest" errors="0" failures="0" skipped="0" tests="27" time="6.150" timestamp="2026-08-04T14:38:33.815714+00:00" hostname="agent-env-d367edc9-16ce-4583-914a-d90a373dacc0"><testcase classname="backend.tests.test_iteration10_refactor.TestTerapistiRouter" name="test_list_terapisti_public_or_auth" time="0.717" /><testcase classname="backend.tests.test_iteration10_refactor.TestTerapistiRouter" name="test_get_single_terapista" time="0.176" /><testcase classname="backend.tests.test_iteration10_refactor.TestTerapistiRouter" name="test_iban_regex_bad" time="0.178" /><testcase classname="backend.tests.test_iteration10_refactor.TestTerapistiRouter" name="test_iban_valid_and_empty" time="0.318" /><testcase classname="backend.tests.test_iteration10_refactor.TestTerapistiRouter" name="test_terapista_slots" time="0.176" /><testcase classname="backend.tests.test_iteration10_refactor.TestTerapistiRouter" name="test_profilo_me_admin_404" time="0.089" /><testcase classname="backend.tests.test_iteration10_refactor.TestTerapistiRouter" name="test_profilo_me_therapist_200" time="1.109" /><testcase classname="backend.tests.test_iteration10_refactor.TestTerapistiRouter" name="test_therapist_documents_list" time="0.055" /><testcase classname="backend.tests.test_iteration10_refactor.TestAppuntamentiRouter" name="test_admin_list" time="0.092" /><testcase classname="backend.tests.test_iteration10_refactor.TestAppuntamentiRouter" name="test_therapist_list" time="0.051" /><testcase classname="backend.tests.test_iteration10_refactor.TestAppuntamentiRouter" name="test_patient_list" time="0.454" /><testcase classname="backend.tests.test_iteration10_refactor.TestAppuntamentiRouter" name="test_stato_invalid_400" time="0.176" /><testcase classname="backend.tests.test_iteration10_refactor.TestAppuntamentiRouter" name="test_unauth_list_401" time="0.134" /><testcase classname="backend.tests.test_iteration10_refactor.TestPaymentsRouter" name="test_status_unknown_session_404" time="0.147" /><testcase classname="backend.tests.test_iteration10_refactor.TestPaymentsRouter" name="test_webhook_no_signature_400" time="0.152" /><testcase classname="backend.tests.test_iteration10_refactor.TestPaymentsRouter" name="test_therapist_earnings" time="0.054" /><testcase classname="backend.tests.test_iteration10_refactor.TestPaymentsRouter" name="test_therapist_earnings_forbidden_for_admin" time="0.090" /><testcase classname="backend.tests.test_iteration10_refactor.TestPaymentsRouter" name="test_admin_payouts" time="0.084" /><testcase classname="backend.tests.test_iteration10_refactor.TestPaymentsRouter" name="test_admin_payouts_pending_filter" time="0.076" /><testcase classname="backend.tests.test_iteration10_refactor.TestPaymentsRouter" name="test_admin_payouts_forbidden_non_admin" time="0.079" /><testcase classname="backend.tests.test_iteration10_refactor.TestPaymentsRouter" name="test_checkout_booking_requires_paziente" time="0.078" /><testcase classname="backend.tests.test_iteration10_refactor.TestPaymentsRouter" name="test_checkout_booking_patient_needs_sms" time="0.079" /><testcase classname="backend.tests.test_iteration10_refactor.TestCruscottoStillWorks" name="test_cruscotto" time="0.085" /><testcase classname="backend.tests.test_iteration10_refactor.TestCruscottoStillWorks" name="test_cruscotto_pdf" time="0.099" /><testcase classname="backend.tests.test_iteration10_refactor.TestUntouchedEndpoints" name="test_dashboard_stats" time="0.082" /><testcase classname="backend.tests.test_iteration10_refactor.TestUntouchedEndpoints" name="test_users_list" time="0.081" /><testcase classname="backend.tests.test_iteration10_refactor.TestUntouchedEndpoints" name="test_articoli_list" time="1.164" /></testsuite></testsuites>