<?xml version="1.0" encoding="utf-8"?><testsuites name="pytest tests"><testsuite name="pytest" errors="0" failures="0" skipped="0" tests="10" time="2.417" timestamp="2026-08-04T13:41:10.414662+00:00" hostname="agent-env-d367edc9-16ce-4583-914a-d90a373dacc0"><testcase classname="backend.tests.test_iteration9" name="test_cruscotto_schema_full" time="0.472" /><testcase classname="backend.tests.test_iteration9" name="test_cruscotto_forbidden_for_non_admin" time="0.438" /><testcase classname="backend.tests.test_iteration9" name="test_cruscotto_no_auth" time="0.184" /><testcase classname="backend.tests.test_iteration9" name="test_pending_payout_present" time="0.078" /><testcase classname="backend.tests.test_iteration9" name="test_iban_missing_contains_giulia" time="0.072" /><testcase classname="backend.tests.test_iteration9" name="test_seed_idempotent" time="0.155" /><testcase classname="backend.tests.test_iteration9" name="test_iban_invalid_rejected" time="0.141" /><testcase classname="backend.tests.test_iteration9" name="test_iban_valid_normalized" time="0.557" /><testcase classname="backend.tests.test_iteration9" name="test_pdf_export_admin" time="0.102" /><testcase classname="backend.tests.test_iteration9" name="test_pdf_forbidden_non_admin" time="0.078" /></testsuite></testsuites>