<?xml version="1.0" encoding="utf-8"?><testsuites name="pytest tests"><testsuite name="pytest" errors="0" failures="0" skipped="0" tests="8" time="2.116" timestamp="2026-08-04T13:18:13.713486+00:00" hostname="agent-env-d367edc9-16ce-4583-914a-d90a373dacc0"><testcase classname="backend.tests.test_iteration8_cruscotto.TestCruscottoAuth" name="test_unauth_returns_401_or_403" time="0.262" /><testcase classname="backend.tests.test_iteration8_cruscotto.TestCruscottoAuth" name="test_non_admin_returns_403" time="0.464" /><testcase classname="backend.tests.test_iteration8_cruscotto.TestCruscottoAuth" name="test_admin_returns_200" time="0.429" /><testcase classname="backend.tests.test_iteration8_cruscotto.TestCruscottoSchema" name="test_response_schema" time="0.071" /><testcase classname="backend.tests.test_iteration8_cruscotto.TestCruscottoSchema" name="test_types_are_ints" time="0.094" /><testcase classname="backend.tests.test_iteration8_cruscotto.TestIbanPersistence" name="test_put_iban_persists_and_uppercases_via_get" time="0.378" /><testcase classname="backend.tests.test_iteration8_cruscotto.TestIbanPersistence" name="test_missing_iban_shows_in_alert" time="0.195" /><testcase classname="backend.tests.test_iteration8_cruscotto.TestRevenueAggregation" name="test_pending_payouts_matches_admin_payouts_list" time="0.144" /></testsuite></testsuites>