<?xml version="1.0" encoding="utf-8"?><testsuites name="pytest tests"><testsuite name="pytest" errors="0" failures="0" skipped="0" tests="13" time="2.576" timestamp="2026-08-04T15:54:16.277891+00:00" hostname="agent-env-d367edc9-16ce-4583-914a-d90a373dacc0"><testcase classname="backend.tests.test_iteration13_slots_refund_replica.TestSlotsMigration" name="test_slots_source_calendar" time="0.326" /><testcase classname="backend.tests.test_iteration13_slots_refund_replica.TestSlotsMigration" name="test_slots_filter_past" time="0.186" /><testcase classname="backend.tests.test_iteration13_slots_refund_replica.TestSlotsMigration" name="test_slots_booked_marked_unavailable" time="0.172" /><testcase classname="backend.tests.test_iteration13_slots_refund_replica.TestSlotsMigration" name="test_slots_fallback_legacy_weekly" time="0.162" /><testcase classname="backend.tests.test_iteration13_slots_refund_replica.TestRescheduleEmail" name="test_email_service_helper_exists" time="0.072" /><testcase classname="backend.tests.test_iteration13_slots_refund_replica.TestRescheduleEmail" name="test_reschedule_confirm_invokes_email_wrapper" time="0.182" /><testcase classname="backend.tests.test_iteration13_slots_refund_replica.TestRefundEndpoint" name="test_refund_requires_admin" time="0.453" /><testcase classname="backend.tests.test_iteration13_slots_refund_replica.TestRefundEndpoint" name="test_refund_invalid_objectid" time="0.466" /><testcase classname="backend.tests.test_iteration13_slots_refund_replica.TestRefundEndpoint" name="test_refund_not_found" time="0.075" /><testcase classname="backend.tests.test_iteration13_slots_refund_replica.TestRefundEndpoint" name="test_refund_not_paid" time="0.088" /><testcase classname="backend.tests.test_iteration13_slots_refund_replica.TestRefundEndpoint" name="test_refund_payout_already_paid" time="0.083" /><testcase classname="backend.tests.test_iteration13_slots_refund_replica.TestRefundEndpoint" name="test_refund_missing_payment_intent" time="0.081" /><testcase classname="backend.tests.test_iteration13_slots_refund_replica.TestRefundEndpoint" name="test_refund_already_refunded" time="0.075" /></testsuite></testsuites>