<?xml version="1.0" encoding="utf-8"?><testsuites name="pytest tests"><testsuite name="pytest" errors="0" failures="0" skipped="0" tests="27" time="4.301" timestamp="2026-08-04T14:13:29.616366+00:00" hostname="agent-env-d367edc9-16ce-4583-914a-d90a373dacc0"><testcase classname="backend.tests.test_iteration10_refactor.TestTerapistiRouter" name="test_list_terapisti_public_or_auth" time="0.490" /><testcase classname="backend.tests.test_iteration10_refactor.TestTerapistiRouter" name="test_get_single_terapista" time="0.134" /><testcase classname="backend.tests.test_iteration10_refactor.TestTerapistiRouter" name="test_iban_regex_bad" time="0.128" /><testcase classname="backend.tests.test_iteration10_refactor.TestTerapistiRouter" name="test_iban_valid_and_empty" time="0.252" /><testcase classname="backend.tests.test_iteration10_refactor.TestTerapistiRouter" name="test_terapista_slots" time="0.125" /><testcase classname="backend.tests.test_iteration10_refactor.TestTerapistiRouter" name="test_profilo_me_admin_404" time="0.061" /><testcase classname="backend.tests.test_iteration10_refactor.TestTerapistiRouter" name="test_profilo_me_therapist_200" time="0.480" /><testcase classname="backend.tests.test_iteration10_refactor.TestTerapistiRouter" name="test_therapist_documents_list" time="0.089" /><testcase classname="backend.tests.test_iteration10_refactor.TestAppuntamentiRouter" name="test_admin_list" time="0.067" /><testcase classname="backend.tests.test_iteration10_refactor.TestAppuntamentiRouter" name="test_therapist_list" time="0.080" /><testcase classname="backend.tests.test_iteration10_refactor.TestAppuntamentiRouter" name="test_patient_list" time="0.429" /><testcase classname="backend.tests.test_iteration10_refactor.TestAppuntamentiRouter" name="test_stato_invalid_400" time="0.135" /><testcase classname="backend.tests.test_iteration10_refactor.TestAppuntamentiRouter" name="test_unauth_list_401" time="0.142" /><testcase classname="backend.tests.test_iteration10_refactor.TestPaymentsRouter" name="test_status_unknown_session_404" time="0.124" /><testcase classname="backend.tests.test_iteration10_refactor.TestPaymentsRouter" name="test_webhook_no_signature_400" time="0.166" /><testcase classname="backend.tests.test_iteration10_refactor.TestPaymentsRouter" name="test_therapist_earnings" time="0.071" /><testcase classname="backend.tests.test_iteration10_refactor.TestPaymentsRouter" name="test_therapist_earnings_forbidden_for_admin" time="0.062" /><testcase classname="backend.tests.test_iteration10_refactor.TestPaymentsRouter" name="test_admin_payouts" time="0.065" /><testcase classname="backend.tests.test_iteration10_refactor.TestPaymentsRouter" name="test_admin_payouts_pending_filter" time="0.064" /><testcase classname="backend.tests.test_iteration10_refactor.TestPaymentsRouter" name="test_admin_payouts_forbidden_non_admin" time="0.070" /><testcase classname="backend.tests.test_iteration10_refactor.TestPaymentsRouter" name="test_checkout_booking_requires_paziente" time="0.061" /><testcase classname="backend.tests.test_iteration10_refactor.TestPaymentsRouter" name="test_checkout_booking_patient_needs_sms" time="0.487" /><testcase classname="backend.tests.test_iteration10_refactor.TestCruscottoStillWorks" name="test_cruscotto" time="0.064" /><testcase classname="backend.tests.test_iteration10_refactor.TestCruscottoStillWorks" name="test_cruscotto_pdf" time="0.084" /><testcase classname="backend.tests.test_iteration10_refactor.TestUntouchedEndpoints" name="test_dashboard_stats" time="0.067" /><testcase classname="backend.tests.test_iteration10_refactor.TestUntouchedEndpoints" name="test_users_list" time="0.063" /><testcase classname="backend.tests.test_iteration10_refactor.TestUntouchedEndpoints" name="test_articoli_list" time="0.143" /></testsuite></testsuites>