<?xml version="1.0" encoding="utf-8"?><testsuites name="pytest tests"><testsuite name="pytest" errors="0" failures="0" skipped="0" tests="29" time="6.676" timestamp="2026-08-04T15:58:49.566100+00:00" hostname="agent-env-d367edc9-16ce-4583-914a-d90a373dacc0"><testcase classname="backend.tests.test_iteration12_calendario.TestTherapistCalendario" name="test_get_my_calendario" time="0.507" /><testcase classname="backend.tests.test_iteration12_calendario.TestTherapistCalendario" name="test_get_calendario_non_therapist_forbidden" time="0.489" /><testcase classname="backend.tests.test_iteration12_calendario.TestTherapistCalendario" name="test_put_valid_calendario_publishes" time="0.185" /><testcase classname="backend.tests.test_iteration12_calendario.TestTherapistCalendario" name="test_put_invalid_date_400" time="0.087" /><testcase classname="backend.tests.test_iteration12_calendario.TestTherapistCalendario" name="test_put_invalid_time_400" time="0.090" /><testcase classname="backend.tests.test_iteration12_calendario.TestTherapistCalendario" name="test_put_empty_clears" time="0.270" /><testcase classname="backend.tests.test_iteration12_calendario.TestTherapistCalendario" name="test_pubblica_endpoint" time="0.261" /><testcase classname="backend.tests.test_iteration12_calendario.TestAdminCalendario" name="test_admin_calendario_feb_2026" time="0.543" /><testcase classname="backend.tests.test_iteration12_calendario.TestAdminCalendario" name="test_admin_calendario_invalid_month" time="0.105" /><testcase classname="backend.tests.test_iteration12_calendario.TestAdminCalendario" name="test_admin_calendario_forbidden_for_paziente" time="0.092" /><testcase classname="backend.tests.test_iteration12_calendario.TestPublicTerapistaCalendario" name="test_public_calendario" time="0.178" /><testcase classname="backend.tests.test_iteration12_calendario.TestRescheduleFlow" name="test_validate_valid_token" time="0.159" /><testcase classname="backend.tests.test_iteration12_calendario.TestRescheduleFlow" name="test_validate_invalid_token" time="0.181" /><testcase classname="backend.tests.test_iteration12_calendario.TestRescheduleFlow" name="test_confirm_missing_slot" time="0.167" /><testcase classname="backend.tests.test_iteration12_calendario.TestRescheduleFlow" name="test_confirm_success" time="0.437" /><testcase classname="backend.tests.test_iteration12_calendario.TestBookingServiceReminders" name="test_only_one_day_reminder" time="0.263" /><testcase classname="backend.tests.test_iteration13_slots_refund_replica.TestSlotsMigration" name="test_slots_source_calendar" time="0.171" /><testcase classname="backend.tests.test_iteration13_slots_refund_replica.TestSlotsMigration" name="test_slots_filter_past" time="0.171" /><testcase classname="backend.tests.test_iteration13_slots_refund_replica.TestSlotsMigration" name="test_slots_booked_marked_unavailable" time="0.183" /><testcase classname="backend.tests.test_iteration13_slots_refund_replica.TestSlotsMigration" name="test_slots_fallback_legacy_weekly" time="0.156" /><testcase classname="backend.tests.test_iteration13_slots_refund_replica.TestRescheduleEmail" name="test_email_service_helper_exists" time="0.000" /><testcase classname="backend.tests.test_iteration13_slots_refund_replica.TestRescheduleEmail" name="test_reschedule_confirm_invokes_email_wrapper" time="0.404" /><testcase classname="backend.tests.test_iteration13_slots_refund_replica.TestRefundEndpoint" name="test_refund_requires_admin" time="0.497" /><testcase classname="backend.tests.test_iteration13_slots_refund_replica.TestRefundEndpoint" name="test_refund_invalid_objectid" time="0.480" /><testcase classname="backend.tests.test_iteration13_slots_refund_replica.TestRefundEndpoint" name="test_refund_not_found" time="0.089" /><testcase classname="backend.tests.test_iteration13_slots_refund_replica.TestRefundEndpoint" name="test_refund_not_paid" time="0.090" /><testcase classname="backend.tests.test_iteration13_slots_refund_replica.TestRefundEndpoint" name="test_refund_payout_already_paid" time="0.077" /><testcase classname="backend.tests.test_iteration13_slots_refund_replica.TestRefundEndpoint" name="test_refund_missing_payment_intent" time="0.085" /><testcase classname="backend.tests.test_iteration13_slots_refund_replica.TestRefundEndpoint" name="test_refund_already_refunded" time="0.091" /></testsuite></testsuites>