<?xml version="1.0" encoding="utf-8"?><testsuites name="pytest tests"><testsuite name="pytest" errors="0" failures="1" skipped="0" tests="12" time="14.230" timestamp="2026-08-05T11:33:46.608896+00:00" hostname="agent-env-d367edc9-16ce-4583-914a-d90a373dacc0"><testcase classname="backend.tests.test_iteration16_gdpr_signature.TestPending" name="test_pending_paziente_empty" time="0.586" /><testcase classname="backend.tests.test_iteration16_gdpr_signature.TestPending" name="test_pending_terapeuta_four_docs" time="1.283" /><testcase classname="backend.tests.test_iteration16_gdpr_signature.TestSign" name="test_sign_wrong_name_400" time="0.964" /><testcase classname="backend.tests.test_iteration16_gdpr_signature.TestSign" name="test_sign_correct_name_case_insensitive" time="1.958" /><testcase classname="backend.tests.test_iteration16_gdpr_signature.TestSign" name="test_sign_scroll_flag_false" time="0.941" /><testcase classname="backend.tests.test_iteration16_gdpr_signature.TestReceipt" name="test_receipt_download_owner" time="1.936" /><testcase classname="backend.tests.test_iteration16_gdpr_signature.TestReceipt" name="test_receipt_forbidden_other_user" time="2.013" /><testcase classname="backend.tests.test_iteration16_gdpr_signature.TestReceipt" name="test_list_signatures_grouped" time="1.627" /><testcase classname="backend.tests.test_iteration16_gdpr_signature.TestMajorAndDecline" name="test_notify_major_and_decline" time="2.049"><failure message="AssertionError: Internal Server Error&#10;assert 500 == 200&#10; +  where 500 = &lt;Response [500]&gt;.status_code">backend/tests/test_iteration16_gdpr_signature.py:267: in test_notify_major_and_decline
    assert r_ok.status_code == 200, r_ok.text[:300]
E   AssertionError: Internal Server Error
E   assert 500 == 200
E    +  where 500 = &lt;Response [500]&gt;.status_code</failure></testcase><testcase classname="backend.tests.test_iteration16_gdpr_signature.TestGdprUserRights" name="test_gdpr_export" time="0.399" /><testcase classname="backend.tests.test_iteration16_gdpr_signature.TestGdprUserRights" name="test_gdpr_delete_wrong_confirm" time="0.059" /><testcase classname="backend.tests.test_iteration16_gdpr_signature.TestGdprUserRights" name="test_consents_get_and_update" time="0.296" /></testsuite></testsuites>