<?xml version="1.0" encoding="utf-8"?><testsuites name="pytest tests"><testsuite name="pytest" errors="0" failures="0" skipped="0" tests="14" time="6.180" timestamp="2026-08-03T23:13:06.003497+00:00" hostname="agent-env-d367edc9-16ce-4583-914a-d90a373dacc0"><testcase classname="backend.tests.test_iteration6.TestAuth" name="test_admin_login" time="0.522" /><testcase classname="backend.tests.test_iteration6.TestAuth" name="test_terapeuta_login" time="0.368" /><testcase classname="backend.tests.test_iteration6.TestAuth" name="test_paziente_login" time="0.381" /><testcase classname="backend.tests.test_iteration6.TestPasswordReset" name="test_forgot_password_existing_and_missing_return_same" time="0.736" /><testcase classname="backend.tests.test_iteration6.TestPasswordReset" name="test_reset_password_fake_token_returns_generic_400" time="0.225" /><testcase classname="backend.tests.test_iteration6.TestMandato" name="test_public_mandato_current" time="0.105" /><testcase classname="backend.tests.test_iteration6.TestMandato" name="test_admin_list_contracts_and_acceptances" time="0.440" /><testcase classname="backend.tests.test_iteration6.TestMandato" name="test_non_admin_cannot_list_contracts" time="0.491" /><testcase classname="backend.tests.test_iteration6.TestStripeCheckout" name="test_checkout_requires_auth" time="0.186" /><testcase classname="backend.tests.test_iteration6.TestStripeCheckout" name="test_checkout_requires_sms_verification" time="0.628" /><testcase classname="backend.tests.test_iteration6.TestStripeCheckout" name="test_checkout_success_returns_stripe_url_and_split" time="1.400" /><testcase classname="backend.tests.test_iteration6.TestStripeCheckout" name="test_marca_da_bollo_threshold" time="0.001" /><testcase classname="backend.tests.test_iteration6.TestAuditConsent" name="test_post_consent_log" time="0.144" /><testcase classname="backend.tests.test_iteration6.TestAuditConsent" name="test_admin_can_list_consents" time="0.395" /></testsuite></testsuites>